--- Copying files at Wed Aug 17 09:54:10 UTC 2022
INSTALLED init.groovy.d/default-user.groovy
INSTALLED plugins/script-security.jpi : 1175.v4b_d517d6db_f0
INSTALLED plugins/pipeline-input-step.jpi : 449.v77f0e8b_845c4
INSTALLED plugins/configuration-as-code.jpi : 1512.vb_79d418d5fc8
INSTALLED plugins/pipeline-model-api.jpi : 2.2114.v2654ca_721309
INSTALLED plugins/jackson2-api.jpi : 2.13.3-285.vc03c0256d517
INSTALLED plugins/pipeline-stage-step.jpi : 293.v200037eefcd5
INSTALLED plugins/popper2-api.jpi : 2.11.5-2
INSTALLED plugins/display-url-api.jpi : 2.3.6
INSTALLED plugins/ldap.jpi : 2.11
INSTALLED plugins/github-api.jpi : 1.303-400.v35c2d8258028
INSTALLED plugins/bouncycastle-api.jpi : 2.26
INSTALLED plugins/caffeine-api.jpi : 2.9.3-65.v6a_47d0f4d1fe
INSTALLED plugins/workflow-support.jpi : 838.va_3a_087b_4055b
INSTALLED plugins/structs.jpi : 324.va_f5d6774f3a_d
INSTALLED plugins/matrix-project.jpi : 772.v494f19991984
INSTALLED plugins/scm-api.jpi : 621.vda_a_b_055e58f7
INSTALLED plugins/git-client.jpi : 3.11.2
INSTALLED plugins/timestamper.jpi : 1.18
INSTALLED plugins/workflow-basic-steps.jpi : 991.v43d80fea_ff66
INSTALLED plugins/ace-editor.jpi : 1.1
INSTALLED plugins/pipeline-stage-tags-metadata.jpi : 2.2114.v2654ca_721309
INSTALLED plugins/workflow-aggregator.jpi : 590.v6a_d052e5a_a_b_5
INSTALLED plugins/pipeline-graph-analysis.jpi : 195.v5812d95a_a_2f9
INSTALLED plugins/authorize-project.jpi : 1.4.0
INSTALLED plugins/jjwt-api.jpi : 0.11.5-77.v646c772fddb_0
INSTALLED plugins/pipeline-github-lib.jpi : 38.v445716ea_edda_
INSTALLED plugins/pipeline-rest-api.jpi : 2.24
INSTALLED plugins/jdk-tool.jpi : 1.5
INSTALLED plugins/cloudbees-folder.jpi : 6.740.ve4f4ffa_dea_54
INSTALLED plugins/workflow-api.jpi : 1192.v2d0deb_19d212
INSTALLED plugins/mina-sshd-api-core.jpi : 2.8.0-36.v8e25ce90d4b_1
INSTALLED plugins/trilead-api.jpi : 1.67.vc3938a_35172f
INSTALLED plugins/mina-sshd-api-common.jpi : 2.8.0-36.v8e25ce90d4b_1
INSTALLED plugins/okhttp-api.jpi : 4.9.3-108.v0feda04578cf
INSTALLED plugins/nodejs.jpi : 1.5.1
INSTALLED plugins/durable-task.jpi : 500.v8927d9fd99d8
INSTALLED plugins/pipeline-milestone-step.jpi : 101.vd572fef9d926
INSTALLED plugins/ws-cleanup.jpi : 0.42
INSTALLED plugins/jaxb.jpi : 2.3.6-1
INSTALLED plugins/pipeline-groovy-lib.jpi : 612.v84da_9c54906d
INSTALLED plugins/job-dsl.jpi : 1.81
INSTALLED plugins/workflow-step-api.jpi : 639.v6eca_cd8c04a_a_
INSTALLED plugins/branch-api.jpi : 2.1046.v0ca_37783ecc5
INSTALLED plugins/plugin-util-api.jpi : 2.17.0
INSTALLED plugins/workflow-job.jpi : 1207.ve6191ff089f8
INSTALLED plugins/github-branch-source.jpi : 1677.v731f745ea_0cf
INSTALLED plugins/ssh-credentials.jpi : 295.vced876c18eb_4
INSTALLED plugins/junit.jpi : 1119.1121.vc43d0fc45561
INSTALLED plugins/workflow-scm-step.jpi : 400.v6b_89a_1317c9a_
INSTALLED plugins/config-file-provider.jpi : 3.11.1
INSTALLED plugins/build-timeout.jpi : 1.21
INSTALLED plugins/credentials-binding.jpi : 523.vd859a_4b_122e6
INSTALLED plugins/antisamy-markup-formatter.jpi : 2.7
INSTALLED plugins/ant.jpi : 475.vf34069fef73c
INSTALLED plugins/credentials.jpi : 1139.veb_9579fca_33b_
INSTALLED plugins/docker-plugin.jpi : 1.2.9
INSTALLED plugins/echarts-api.jpi : 5.3.3-1
INSTALLED plugins/font-awesome-api.jpi : 6.1.2-1
INSTALLED plugins/javax-activation-api.jpi : 1.2.0-4
INSTALLED plugins/workflow-durable-task-step.jpi : 1199.v02b_9244f8064
INSTALLED plugins/pipeline-build-step.jpi : 2.18
INSTALLED plugins/git-server.jpi : 1.11
INSTALLED plugins/snakeyaml-api.jpi : 1.30.2-76.vc104f7ce9870
INSTALLED plugins/handlebars.jpi : 3.0.8
INSTALLED plugins/publish-over-ssh.jpi : 1.24
INSTALLED plugins/git.jpi : 4.11.3
INSTALLED plugins/workflow-cps.jpi : 2759.v87459c4eea_ca_
INSTALLED plugins/bootstrap5-api.jpi : 5.2.0-1
INSTALLED plugins/bitbucket-push-and-pull-request.jpi : 2.8.3
INSTALLED plugins/gradle.jpi : 1.39.4
INSTALLED plugins/variant.jpi : 59.vf075fe829ccb
INSTALLED plugins/momentjs.jpi : 1.1.1
INSTALLED plugins/maven-plugin.jpi : 3.19
INSTALLED plugins/bitbucket.jpi : 223.vd12f2bca5430
INSTALLED plugins/sshd.jpi : 3.242.va_db_9da_b_26a_c3
INSTALLED plugins/pam-auth.jpi : 1.10
INSTALLED plugins/ssh-slaves.jpi : 1.834.v622da_57f702c
INSTALLED plugins/matrix-auth.jpi : 3.1.5
INSTALLED plugins/authentication-tokens.jpi : 1.4
INSTALLED plugins/jquery3-api.jpi : 3.6.0-4
INSTALLED plugins/docker-java-api.jpi : 3.2.13-37.vf3411c9828b9
INSTALLED plugins/workflow-multibranch.jpi : 716.vc692a_e52371b_
INSTALLED plugins/mailer.jpi : 435.v79ef3972b_5c7
INSTALLED plugins/jakarta-activation-api.jpi : 2.0.1-1
INSTALLED plugins/apache-httpcomponents-client-4-api.jpi : 4.5.13-138.v4e7d9a_7b_a_e61
INSTALLED plugins/javadoc.jpi : 226.v71211feb_e7e9
INSTALLED plugins/pipeline-stage-view.jpi : 2.24
INSTALLED plugins/publish-over.jpi : 0.22
INSTALLED plugins/jsch.jpi : 0.1.55.61.va_e9ee26616e7
INSTALLED plugins/docker-commons.jpi : 1.19
INSTALLED plugins/github.jpi : 1.34.5
INSTALLED plugins/pipeline-model-definition.jpi : 2.2114.v2654ca_721309
INSTALLED plugins/jakarta-mail-api.jpi : 2.0.1-1
INSTALLED plugins/mercurial.jpi : 2.16.2
INSTALLED plugins/plain-credentials.jpi : 139.ved2b_9cf7587b
INSTALLED plugins/token-macro.jpi : 308.v4f2b_ed62b_b_16
INSTALLED plugins/checks-api.jpi : 1.7.5
INSTALLED plugins/pipeline-model-extensions.jpi : 2.2114.v2654ca_721309
INSTALLED plugins/resource-disposer.jpi : 0.19
INSTALLED plugins.txt
--- Copying files at Wed Aug 17 10:04:42 UTC 2022
